<?xml version="1.0" encoding="UTF-8"?>
<!-- Generated by org.testng.reporters.JUnitXMLReporter -->
<testsuite hostname="LAPTOP-FR81P7PN" ignored="0" name="Default test(failed)" tests="3" failures="0" timestamp="2020-07-31T16:53:42 IST" time="0.097" errors="0">
  <testcase name="logIn" time="0.01" classname="com.test.concepts.DataProviderTest"/>
  <testcase name="logIn" time="0.004" classname="com.test.concepts.DataProviderTest"/>
  <testcase name="logIn" time="0.002" classname="com.test.concepts.DataProviderTest"/>
</testsuite> <!-- Default test(failed) -->
