<?xml version="1.0" encoding="UTF-8"?>
<!-- Generated by org.testng.reporters.JUnitXMLReporter -->
<testsuite hostname="LAPTOP-FR81P7PN" ignored="0" name="Default test" tests="6" failures="0" timestamp="2020-08-07T07:24:18 IST" time="0.439" errors="0">
  <testcase name="searchLaptop" time="0.028" classname="com.test.concepts.InvocationTest"/>
  <testcase name="searchLaptop" time="0.006" classname="com.test.concepts.InvocationTest"/>
  <testcase name="searchLaptop" time="0.003" classname="com.test.concepts.InvocationTest"/>
  <testcase name="searchMobile" time="0.003" classname="com.test.concepts.InvocationTest"/>
  <testcase name="searchWatch" time="0.002" classname="com.test.concepts.InvocationTest"/>
  <testcase name="searchWatch" time="0.003" classname="com.test.concepts.InvocationTest"/>
</testsuite> <!-- Default test -->
