<?xml version="1.0" encoding="UTF-8"?>
<!-- Generated by org.testng.reporters.JUnitXMLReporter -->
<testsuite hostname="LAPTOP-FR81P7PN" ignored="0" name="Test" tests="10" failures="2" timestamp="2020-08-04T09:55:29 IST" time="0.162" errors="0">
  <testcase name="test1" time="0.019" classname="com.test.concepts.Sample">
    <skipped/>
  </testcase> <!-- test1 -->
  <testcase name="test1" time="0.002" classname="com.test.concepts.Sample">
    <skipped/>
  </testcase> <!-- test1 -->
  <testcase name="test1" time="0.002" classname="com.test.concepts.Sample">
    <skipped/>
  </testcase> <!-- test1 -->
  <testcase name="test1" time="0.001" classname="com.test.concepts.Sample">
    <skipped/>
  </testcase> <!-- test1 -->
  <testcase name="test1" time="0.001" classname="com.test.concepts.Sample">
    <failure type="java.lang.AssertionError" message="expected [a] but found [A]">
      <![CDATA[java.lang.AssertionError: expected [a] but found [A]
at com.test.concepts.Sample.test1(Sample.java:11)
at java.util.ArrayList.forEach(ArrayList.java:1257)
... Removed 32 stack frames]]>
    </failure>
  </testcase> <!-- test1 -->
  <testcase name="test2" time="0.004" classname="com.test.concepts.Sample">
    <skipped/>
  </testcase> <!-- test2 -->
  <testcase name="test2" time="0.002" classname="com.test.concepts.Sample">
    <skipped/>
  </testcase> <!-- test2 -->
  <testcase name="test2" time="0.001" classname="com.test.concepts.Sample">
    <skipped/>
  </testcase> <!-- test2 -->
  <testcase name="test2" time="0.003" classname="com.test.concepts.Sample">
    <skipped/>
  </testcase> <!-- test2 -->
  <testcase name="test2" time="0.002" classname="com.test.concepts.Sample">
    <failure type="java.lang.AssertionError" message="expected [b] but found [B]">
      <![CDATA[java.lang.AssertionError: expected [b] but found [B]
at com.test.concepts.Sample.test2(Sample.java:19)
at java.util.ArrayList.forEach(ArrayList.java:1257)
... Removed 32 stack frames]]>
    </failure>
  </testcase> <!-- test2 -->
</testsuite> <!-- Test -->
